<?xml version="1.0" encoding="UTF-8"?>
<robot generator="Robot 3.0.4 (Python 3.6.5 on win32)" generated="20190604 11:19:39.502">
<suite id="s1" name="Test If" source="C:\GitHub\webtest\testTools\test_if.robot">
<test id="s1-t1" name="test_get_event_list">
<kw name="Create Dictionary" library="BuiltIn">
<doc>Creates and returns a dictionary based on the given ``items``.</doc>
<arguments>
<arg>eid=1</arg>
</arguments>
<assign>
<var>${pyload}</var>
</assign>
<msg timestamp="20190604 11:19:39.722" level="INFO">${pyload} = {'eid': '1'}</msg>
<status status="PASS" starttime="20190604 11:19:39.721" endtime="20190604 11:19:39.722"></status>
</kw>
<kw name="Create Session" library="RequestsLibrary">
<doc>Create Session: create a HTTP session to a server</doc>
<arguments>
<arg>event</arg>
<arg>http://127.0.0.1:8000/api</arg>
</arguments>
<msg timestamp="20190604 11:19:39.723" level="INFO">Creating Session using : alias=event, url=http://127.0.0.1:8000/api, headers={},                     cookies=None, auth=None, timeout=None, proxies=None, verify=False,                     debug=0 </msg>
<status status="PASS" starttime="20190604 11:19:39.723" endtime="20190604 11:19:39.723"></status>
</kw>
<kw name="Get Request" library="RequestsLibrary">
<doc>Send a GET request on the session object found using the</doc>
<arguments>
<arg>event</arg>
<arg>/get_event_list/</arg>
<arg>params=${pyload}</arg>
</arguments>
<assign>
<var>${r}</var>
</assign>
<msg timestamp="20190604 11:19:41.770" level="INFO">Get Request using : alias=event, uri=/get_event_list/, headers=None json=None</msg>
<msg timestamp="20190604 11:19:41.770" level="INFO">${r} = &lt;Response [200]&gt;</msg>
<status status="PASS" starttime="20190604 11:19:39.724" endtime="20190604 11:19:41.770"></status>
</kw>
<kw name="Should Be Equal As Strings" library="BuiltIn">
<doc>Fails if objects are unequal after converting them to strings.</doc>
<arguments>
<arg>${r.status_code}</arg>
<arg>200</arg>
</arguments>
<msg timestamp="20190604 11:19:41.770" level="INFO">Argument types are:
&lt;class 'int'&gt;
&lt;type 'unicode'&gt;</msg>
<status status="PASS" starttime="20190604 11:19:41.770" endtime="20190604 11:19:41.770"></status>
</kw>
<kw name="Log" library="BuiltIn">
<doc>Logs the given message with the given level.</doc>
<arguments>
<arg>${r.json()}</arg>
</arguments>
<msg timestamp="20190604 11:19:41.771" level="INFO">{'status': 200, 'message': 'success', 'data': {'eid': 1, 'name': '预览发布会', 'limit': 300, 'status': False, 'address': '大门被', 'start_time': '2019-05-15T16:44:04'}}</msg>
<status status="PASS" starttime="20190604 11:19:41.771" endtime="20190604 11:19:41.771"></status>
</kw>
<kw name="Set Variable" library="BuiltIn">
<doc>Returns the given values which can then be assigned to a variables.</doc>
<arguments>
<arg>${r.json()}</arg>
</arguments>
<assign>
<var>${dict}</var>
</assign>
<msg timestamp="20190604 11:19:41.772" level="INFO">${dict} = {'status': 200, 'message': 'success', 'data': {'eid': 1, 'name': '预览发布会', 'limit': 300, 'status': False, 'address': '大门被', 'start_time': '2019-05-15T16:44:04'}}</msg>
<status status="PASS" starttime="20190604 11:19:41.771" endtime="20190604 11:19:41.772"></status>
</kw>
<kw name="Get From Dictionary" library="Collections">
<doc>Returns a value from the given ``dictionary`` based on the given ``key``.</doc>
<arguments>
<arg>${dict}</arg>
<arg>message</arg>
</arguments>
<assign>
<var>${msg}</var>
</assign>
<msg timestamp="20190604 11:19:41.772" level="INFO">${msg} = success</msg>
<status status="PASS" starttime="20190604 11:19:41.772" endtime="20190604 11:19:41.772"></status>
</kw>
<kw name="Should Be Equal" library="BuiltIn">
<doc>Fails if the given objects are unequal.</doc>
<arguments>
<arg>${msg}</arg>
<arg>success</arg>
</arguments>
<status status="PASS" starttime="20190604 11:19:41.772" endtime="20190604 11:19:41.773"></status>
</kw>
<kw name="Get From Dictionary" library="Collections">
<doc>Returns a value from the given ``dictionary`` based on the given ``key``.</doc>
<arguments>
<arg>${dict}</arg>
<arg>status</arg>
</arguments>
<assign>
<var>${sta}</var>
</assign>
<msg timestamp="20190604 11:19:41.773" level="INFO">${sta} = 200</msg>
<status status="PASS" starttime="20190604 11:19:41.773" endtime="20190604 11:19:41.773"></status>
</kw>
<kw name="Evaluate" library="BuiltIn">
<doc>Evaluates the given expression in Python and returns the results.</doc>
<arguments>
<arg>int( 200)</arg>
</arguments>
<assign>
<var>${status}</var>
</assign>
<msg timestamp="20190604 11:19:41.773" level="INFO">${status} = 200</msg>
<status status="PASS" starttime="20190604 11:19:41.773" endtime="20190604 11:19:41.773"></status>
</kw>
<kw name="Should Be Equal" library="BuiltIn">
<doc>Fails if the given objects are unequal.</doc>
<arguments>
<arg>${sta}</arg>
<arg>${status}</arg>
</arguments>
<status status="PASS" starttime="20190604 11:19:41.774" endtime="20190604 11:19:41.774"></status>
</kw>
<status status="PASS" starttime="20190604 11:19:39.721" endtime="20190604 11:19:41.774" critical="yes"></status>
</test>
<status status="PASS" starttime="20190604 11:19:39.505" endtime="20190604 11:19:41.775"></status>
</suite>
<statistics>
<total>
<stat pass="1" fail="0">Critical Tests</stat>
<stat pass="1" fail="0">All Tests</stat>
</total>
<tag>
</tag>
<suite>
<stat pass="1" fail="0" id="s1" name="Test If">Test If</stat>
</suite>
</statistics>
<errors>
</errors>
</robot>
